c:\users\james\source\repos\dungeon\debug\vc142.pdb
c:\users\james\source\repos\dungeon\debug\vc142.idb
c:\users\james\source\repos\dungeon\debug\player.obj
c:\users\james\source\repos\dungeon\debug\fighter.obj
c:\users\james\source\repos\dungeon\debug\application.obj
c:\users\james\source\repos\dungeon\debug\entity.obj
c:\users\james\source\repos\dungeon\debug\menu.obj
c:\users\james\source\repos\dungeon\debug\dungeon.exe
c:\users\james\source\repos\dungeon\debug\dungeon.ilk
c:\users\james\source\repos\dungeon\debug\dungeon.pdb
c:\users\james\source\repos\dungeon\debug\application.obj.enc
c:\users\james\source\repos\dungeon\debug\textbaseddungeoncrawler(7-14-2022).ilk
c:\users\james\source\repos\dungeon\debug\textbaseddungeoncrawler(7-14-2022).pdb
c:\users\james\source\repos\dungeon\debug\dungeon.tlog\cl.command.1.tlog
c:\users\james\source\repos\dungeon\debug\dungeon.tlog\cl.read.1.tlog
c:\users\james\source\repos\dungeon\debug\dungeon.tlog\cl.write.1.tlog
c:\users\james\source\repos\dungeon\debug\dungeon.tlog\link-cvtres.read.1.tlog
c:\users\james\source\repos\dungeon\debug\dungeon.tlog\link-cvtres.write.1.tlog
c:\users\james\source\repos\dungeon\debug\dungeon.tlog\link-rc.read.1.tlog
c:\users\james\source\repos\dungeon\debug\dungeon.tlog\link-rc.write.1.tlog
c:\users\james\source\repos\dungeon\debug\dungeon.tlog\link.11208-cvtres.read.1.tlog
c:\users\james\source\repos\dungeon\debug\dungeon.tlog\link.11208-cvtres.write.1.tlog
c:\users\james\source\repos\dungeon\debug\dungeon.tlog\link.11208-rc.read.1.tlog
c:\users\james\source\repos\dungeon\debug\dungeon.tlog\link.11208-rc.write.1.tlog
c:\users\james\source\repos\dungeon\debug\dungeon.tlog\link.11208.read.1.tlog
c:\users\james\source\repos\dungeon\debug\dungeon.tlog\link.11208.write.1.tlog
c:\users\james\source\repos\dungeon\debug\dungeon.tlog\link.command.1.tlog
c:\users\james\source\repos\dungeon\debug\dungeon.tlog\link.read.1.tlog
c:\users\james\source\repos\dungeon\debug\dungeon.tlog\link.write.1.tlog
