c:\users\james\source\repos\dungeon\x64\debug\vc142.pdb
c:\users\james\source\repos\dungeon\x64\debug\vc142.idb
c:\users\james\source\repos\dungeon\x64\debug\zombie.obj
c:\users\james\source\repos\dungeon\x64\debug\wizard.obj
c:\users\james\source\repos\dungeon\x64\debug\spider.obj
c:\users\james\source\repos\dungeon\x64\debug\skeleton.obj
c:\users\james\source\repos\dungeon\x64\debug\rat.obj
c:\users\james\source\repos\dungeon\x64\debug\purpleworm.obj
c:\users\james\source\repos\dungeon\x64\debug\priest.obj
c:\users\james\source\repos\dungeon\x64\debug\player.obj
c:\users\james\source\repos\dungeon\x64\debug\orc.obj
c:\users\james\source\repos\dungeon\x64\debug\mummy.obj
c:\users\james\source\repos\dungeon\x64\debug\monster.obj
c:\users\james\source\repos\dungeon\x64\debug\mimic.obj
c:\users\james\source\repos\dungeon\x64\debug\menu.obj
c:\users\james\source\repos\dungeon\x64\debug\goblin.obj
c:\users\james\source\repos\dungeon\x64\debug\fighter.obj
c:\users\james\source\repos\dungeon\x64\debug\entity.obj
c:\users\james\source\repos\dungeon\x64\debug\cultist.obj
c:\users\james\source\repos\dungeon\x64\debug\bugbear.obj
c:\users\james\source\repos\dungeon\x64\debug\bat.obj
c:\users\james\source\repos\dungeon\x64\debug\application.obj
c:\users\james\source\repos\dungeon\x64\debug\dungeon.exe
c:\users\james\source\repos\dungeon\x64\debug\dungeon.ilk
c:\users\james\source\repos\dungeon\x64\debug\dungeon.pdb
c:\users\james\source\repos\dungeon\x64\debug\dungeon.tlog\cl.command.1.tlog
c:\users\james\source\repos\dungeon\x64\debug\dungeon.tlog\cl.read.1.tlog
c:\users\james\source\repos\dungeon\x64\debug\dungeon.tlog\cl.write.1.tlog
c:\users\james\source\repos\dungeon\x64\debug\dungeon.tlog\link.command.1.tlog
c:\users\james\source\repos\dungeon\x64\debug\dungeon.tlog\link.read.1.tlog
c:\users\james\source\repos\dungeon\x64\debug\dungeon.tlog\link.write.1.tlog
